<?xml version="1.0" encoding="UTF-8"?>
<testng-results ignored="0" total="6" passed="6" failed="0" skipped="0">
  <reporter-output>
  </reporter-output>
  <suite started-at="2026-06-11T00:56:24 IST" name="Parabank Suite" finished-at="2026-06-11T00:57:28 IST" duration-ms="64548">
    <groups>
    </groups>
    <test started-at="2026-06-11T00:56:24 IST" name="Parabank Tests" finished-at="2026-06-11T00:57:28 IST" duration-ms="64548">
      <class name="testcases.OpenNewAccountTest">
        <test-method is-config="true" signature="setup()[pri:0, instance:testcases.OpenNewAccountTest@e25951c]" started-at="2026-06-11T00:56:51 IST" name="setup" finished-at="2026-06-11T00:56:53 IST" duration-ms="2750" status="PASS">
          <reporter-output>
          </reporter-output>
        </test-method> <!-- setup -->
        <test-method signature="createAccount(java.lang.String,java.lang.String)[pri:4, instance:testcases.OpenNewAccountTest@e25951c]" started-at="2026-06-11T00:56:53 IST" name="createAccount" data-provider="loginData" finished-at="2026-06-11T00:56:58 IST" duration-ms="4895" status="PASS">
          <params>
            <param index="0">
              <value>
                <![CDATA[adi123]]>
              </value>
            </param>
            <param index="1">
              <value>
                <![CDATA[Password123]]>
              </value>
            </param>
          </params>
          <reporter-output>
          </reporter-output>
        </test-method> <!-- createAccount -->
        <test-method is-config="true" signature="tearDown()[pri:0, instance:testcases.OpenNewAccountTest@e25951c]" started-at="2026-06-11T00:56:58 IST" name="tearDown" finished-at="2026-06-11T00:57:03 IST" duration-ms="4196" status="PASS">
          <reporter-output>
          </reporter-output>
        </test-method> <!-- tearDown -->
      </class> <!-- testcases.OpenNewAccountTest -->
      <class name="testcases.TransferFundsTest">
        <test-method is-config="true" signature="setup()[pri:0, instance:testcases.TransferFundsTest@15f47664]" started-at="2026-06-11T00:57:03 IST" name="setup" finished-at="2026-06-11T00:57:05 IST" duration-ms="2242" status="PASS">
          <reporter-output>
          </reporter-output>
        </test-method> <!-- setup -->
        <test-method signature="verifyTransferFunds(java.lang.String,java.lang.String,java.lang.String)[pri:5, instance:testcases.TransferFundsTest@15f47664]" started-at="2026-06-11T00:57:05 IST" name="verifyTransferFunds" data-provider="transferData" finished-at="2026-06-11T00:57:12 IST" duration-ms="7024" status="PASS">
          <params>
            <param index="0">
              <value>
                <![CDATA[adi123]]>
              </value>
            </param>
            <param index="1">
              <value>
                <![CDATA[Password123]]>
              </value>
            </param>
            <param index="2">
              <value>
                <![CDATA[100]]>
              </value>
            </param>
          </params>
          <reporter-output>
          </reporter-output>
        </test-method> <!-- verifyTransferFunds -->
        <test-method is-config="true" signature="tearDown()[pri:0, instance:testcases.TransferFundsTest@15f47664]" started-at="2026-06-11T00:57:12 IST" name="tearDown" finished-at="2026-06-11T00:57:16 IST" duration-ms="4199" status="PASS">
          <reporter-output>
          </reporter-output>
        </test-method> <!-- tearDown -->
      </class> <!-- testcases.TransferFundsTest -->
      <class name="testcases.AccountOverviewTest">
        <test-method is-config="true" signature="setup()[pri:0, instance:testcases.AccountOverviewTest@928763c]" started-at="2026-06-11T00:56:42 IST" name="setup" finished-at="2026-06-11T00:56:45 IST" duration-ms="2785" status="PASS">
          <reporter-output>
          </reporter-output>
        </test-method> <!-- setup -->
        <test-method signature="verifyAccountOverview(java.lang.String,java.lang.String)[pri:3, instance:testcases.AccountOverviewTest@928763c]" started-at="2026-06-11T00:56:45 IST" name="verifyAccountOverview" data-provider="loginData" finished-at="2026-06-11T00:56:46 IST" duration-ms="1732" status="PASS">
          <params>
            <param index="0">
              <value>
                <![CDATA[adi123]]>
              </value>
            </param>
            <param index="1">
              <value>
                <![CDATA[Password123]]>
              </value>
            </param>
          </params>
          <reporter-output>
          </reporter-output>
        </test-method> <!-- verifyAccountOverview -->
        <test-method is-config="true" signature="tearDown()[pri:0, instance:testcases.AccountOverviewTest@928763c]" started-at="2026-06-11T00:56:46 IST" name="tearDown" finished-at="2026-06-11T00:56:51 IST" duration-ms="4186" status="PASS">
          <reporter-output>
          </reporter-output>
        </test-method> <!-- tearDown -->
      </class> <!-- testcases.AccountOverviewTest -->
      <class name="testcases.LoginTest">
        <test-method is-config="true" signature="setup()[pri:0, instance:testcases.LoginTest@3cfdd820]" started-at="2026-06-11T00:56:34 IST" name="setup" finished-at="2026-06-11T00:56:37 IST" duration-ms="2312" status="PASS">
          <reporter-output>
          </reporter-output>
        </test-method> <!-- setup -->
        <test-method signature="verifyLogin(java.lang.String,java.lang.String)[pri:2, instance:testcases.LoginTest@3cfdd820]" started-at="2026-06-11T00:56:37 IST" name="verifyLogin" data-provider="loginData" finished-at="2026-06-11T00:56:38 IST" duration-ms="1132" status="PASS">
          <params>
            <param index="0">
              <value>
                <![CDATA[adi123]]>
              </value>
            </param>
            <param index="1">
              <value>
                <![CDATA[Password123]]>
              </value>
            </param>
          </params>
          <reporter-output>
          </reporter-output>
        </test-method> <!-- verifyLogin -->
        <test-method is-config="true" signature="tearDown()[pri:0, instance:testcases.LoginTest@3cfdd820]" started-at="2026-06-11T00:56:38 IST" name="tearDown" finished-at="2026-06-11T00:56:42 IST" duration-ms="4177" status="PASS">
          <reporter-output>
          </reporter-output>
        </test-method> <!-- tearDown -->
      </class> <!-- testcases.LoginTest -->
      <class name="testcases.BillPayTest">
        <test-method is-config="true" signature="setup()[pri:0, instance:testcases.BillPayTest@471a9022]" started-at="2026-06-11T00:57:16 IST" name="setup" finished-at="2026-06-11T00:57:19 IST" duration-ms="2714" status="PASS">
          <reporter-output>
          </reporter-output>
        </test-method> <!-- setup -->
        <test-method signature="verifyBillPayment(java.lang.String,java.lang.String,java.lang.String,java.lang.String,java.lang.String,java.lang.String,java.lang.String,java.lang.String)[pri:6, instance:testcases.BillPayTest@471a9022]" started-at="2026-06-11T00:57:19 IST" name="verifyBillPayment" data-provider="billPayData" finished-at="2026-06-11T00:57:24 IST" duration-ms="5179" status="PASS">
          <params>
            <param index="0">
              <value>
                <![CDATA[Electricity]]>
              </value>
            </param>
            <param index="1">
              <value>
                <![CDATA[Main Road]]>
              </value>
            </param>
            <param index="2">
              <value>
                <![CDATA[Delhi]]>
              </value>
            </param>
            <param index="3">
              <value>
                <![CDATA[Delhi]]>
              </value>
            </param>
            <param index="4">
              <value>
                <![CDATA[110001]]>
              </value>
            </param>
            <param index="5">
              <value>
                <![CDATA[9876543210]]>
              </value>
            </param>
            <param index="6">
              <value>
                <![CDATA[14454]]>
              </value>
            </param>
            <param index="7">
              <value>
                <![CDATA[50]]>
              </value>
            </param>
          </params>
          <reporter-output>
          </reporter-output>
        </test-method> <!-- verifyBillPayment -->
        <test-method is-config="true" signature="tearDown()[pri:0, instance:testcases.BillPayTest@471a9022]" started-at="2026-06-11T00:57:24 IST" name="tearDown" finished-at="2026-06-11T00:57:28 IST" duration-ms="4188" status="PASS">
          <reporter-output>
          </reporter-output>
        </test-method> <!-- tearDown -->
      </class> <!-- testcases.BillPayTest -->
      <class name="testcases.RegistrationTest">
        <test-method is-config="true" signature="setup()[pri:0, instance:testcases.RegistrationTest@79defdc]" started-at="2026-06-11T00:56:25 IST" name="setup" finished-at="2026-06-11T00:56:28 IST" duration-ms="3552" status="PASS">
          <reporter-output>
          </reporter-output>
        </test-method> <!-- setup -->
        <test-method signature="verifyRegistration(java.lang.String,java.lang.String,java.lang.String,java.lang.String,java.lang.String,java.lang.String,java.lang.String,java.lang.String,java.lang.String,java.lang.String)[pri:1, instance:testcases.RegistrationTest@79defdc]" started-at="2026-06-11T00:56:28 IST" name="verifyRegistration" data-provider="registrationData" finished-at="2026-06-11T00:56:30 IST" duration-ms="1653" status="PASS">
          <params>
            <param index="0">
              <value>
                <![CDATA[John]]>
              </value>
            </param>
            <param index="1">
              <value>
                <![CDATA[Doe]]>
              </value>
            </param>
            <param index="2">
              <value>
                <![CDATA[Main Road]]>
              </value>
            </param>
            <param index="3">
              <value>
                <![CDATA[Delhi]]>
              </value>
            </param>
            <param index="4">
              <value>
                <![CDATA[Delhi]]>
              </value>
            </param>
            <param index="5">
              <value>
                <![CDATA[110001]]>
              </value>
            </param>
            <param index="6">
              <value>
                <![CDATA[9876543210]]>
              </value>
            </param>
            <param index="7">
              <value>
                <![CDATA[123456789]]>
              </value>
            </param>
            <param index="8">
              <value>
                <![CDATA[adi123]]>
              </value>
            </param>
            <param index="9">
              <value>
                <![CDATA[Password123]]>
              </value>
            </param>
          </params>
          <reporter-output>
          </reporter-output>
        </test-method> <!-- verifyRegistration -->
        <test-method is-config="true" signature="tearDown()[pri:0, instance:testcases.RegistrationTest@79defdc]" started-at="2026-06-11T00:56:30 IST" name="tearDown" finished-at="2026-06-11T00:56:34 IST" duration-ms="4179" status="PASS">
          <reporter-output>
          </reporter-output>
        </test-method> <!-- tearDown -->
      </class> <!-- testcases.RegistrationTest -->
    </test> <!-- Parabank Tests -->
  </suite> <!-- Parabank Suite -->
</testng-results>
