<?xml version="1.0" encoding="UTF-8"?>
<!-- Generated by org.testng.reporters.JUnitXMLReporter -->
<testsuite ignored="0" hostname="Aditya" failures="0" tests="6" name="Parabank Tests" time="64.548" errors="0" timestamp="2026-06-11T00:57:28 IST">
  <testcase classname="testcases.RegistrationTest" name="verifyRegistration" time="1.653"/>
  <testcase classname="testcases.LoginTest" name="verifyLogin" time="1.132"/>
  <testcase classname="testcases.AccountOverviewTest" name="verifyAccountOverview" time="1.732"/>
  <testcase classname="testcases.OpenNewAccountTest" name="createAccount" time="4.895"/>
  <testcase classname="testcases.TransferFundsTest" name="verifyTransferFunds" time="7.024"/>
  <testcase classname="testcases.BillPayTest" name="verifyBillPayment" time="5.179"/>
</testsuite> <!-- Parabank Tests -->
